	This module will prepend the GAUISSIAN 16 (C.01) bin, man and lib directories
	to the PATH, MANPATH and LD_LIBRARY_PATH environment variables,
	respectively.

+ python -u NH3_new_HW.py
Legend:
 -------


Legend:
 -------
 1st col.: COUNTER
 2nd col.: ALPHA
 3rd col.: BETA
 4th col.: CONVERGENCE
 5th col.: VARANDAS
 6th col.: GRADIENT ALPHA
 7th col.: GRADIENT BETA
 -----------------------------
   1    0.20074653744    0.17215546230    0.00097485985    1.0002974191913661    0.0009398471451005    -0.0002589190591418
   2    0.18194959454    0.17733384349    0.00097485985    1.0002944198882269    0.0009398471451005    -0.0002589190591418
   3    0.16315265163    0.18251222467    0.00097485985    1.0003016410901133    0.0009398471451005    -0.0002589190591418
   1    0.18340813736    0.18818378985    0.00105172638    1.0002914453395133    -0.0010127742862043    -0.0002835782591171
   2    0.20366362308    0.19385535503    0.00105172638    1.0002929529974212    -0.0010127742862043    -0.0002835782591171
   1    0.19407174171    0.19841870187    0.00053110339    1.0002891557080416    0.0004795940686453    -0.0002281673418247
   2    0.18447986034    0.20298204871    0.00053110339    1.0002882936383424    0.0004795940686453    -0.0002281673418247
   3    0.17488797896    0.20754539554    0.00053110339    1.0002901159390345    0.0004795940686453    -0.0002281673418247
   1    0.18400651716    0.21107483644    0.00048888826    1.0002870384650009    -0.0004559269096482    -0.0001764720448549
   2    0.19312505535    0.21460427734    0.00048888826    1.0002862101531069    -0.0004559269096482    -0.0001764720448549
   3    0.20224359354    0.21813371823    0.00048888826    1.0002877466939479    -0.0004559269096482    -0.0001764720448549
   1    0.19397120767    0.22136914431    0.00044412934    1.0002853457933736    0.0004136192935467    -0.0001617713039992
   2    0.18569882180    0.22460457039    0.00044412934    1.0002850101287344    0.0004136192935467    -0.0001617713039992
   3    0.17742643593    0.22783999647    0.00044412934    1.0002865502962492    0.0004136192935467    -0.0001617713039992
   1    0.18477320577    0.23022160731    0.00038615767    1.0002845304873083    -0.0003673384918401    -0.0001190805416140
   2    0.19211997560    0.23260321814    0.00038615767    1.0002838996711270    -0.0003673384918401    -0.0001190805416140
   3    0.19946674544    0.23498482897    0.00038615767    1.0002847295305639    -0.0003673384918401    -0.0001190805416140
   1    0.19318915205    0.23731437710    0.00033479461    1.0002835066816431    0.0003138796696156    -0.0001164774062778
   2    0.18691155866    0.23964392522    0.00033479461    1.0002834083717036    0.0003138796696156    -0.0001164774062778
   3    0.18063396526    0.24197347335    0.00033479461    1.0002843476411629    0.0003138796696156    -0.0001164774062778
   1    0.18583711361    0.24373063783    0.00027459233    1.0002832158254342    -0.0002601574172956    -0.0000878582241270
   2    0.19104026195    0.24548780231    0.00027459233    1.0002827600069835    -0.0002601574172956    -0.0000878582241270
   3    0.19624341030    0.24724496680    0.00027459233    1.0002830063967840    -0.0002601574172956    -0.0000878582241270
   1    0.19205774902    0.24897048986    0.00022636911    1.0002825323615967    0.0002092830641409    -0.0000862761533305
   2    0.18787208774    0.25069601293    0.00022636911    1.0002825356332199    0.0002092830641409    -0.0000862761533305
   1    0.18858638412    0.25216090600    0.00008148821    1.0002823956381963    -0.0000357148193530    -0.0000732446536911
   2    0.18930068051    0.25362579908    0.00008148821    1.0002822709860131    -0.0000357148193530    -0.0000732446536911
   3    0.19001497690    0.25509069215    0.00008148821    1.0002821615811957    -0.0000357148193530    -0.0000732446536911
   4    0.19072927328    0.25655558522    0.00008148821    1.0002820673483772    -0.0000357148193530    -0.0000732446536911
   5    0.19144356967    0.25802047830    0.00008148821    1.0002819882028189    -0.0000357148193530    -0.0000732446536911
   6    0.19215786606    0.25948537137    0.00008148821    1.0002819240626684    -0.0000357148193530    -0.0000732446536911
   7    0.19287216244    0.26095026445    0.00008148821    1.0002818748596629    -0.0000357148193530    -0.0000732446536911
   8    0.19358645883    0.26241515752    0.00008148821    1.0002818405113241    -0.0000357148193530    -0.0000732446536911
   9    0.19430075522    0.26388005059    0.00008148821    1.0002818209621545    -0.0000357148193530    -0.0000732446536911
  10    0.19501505161    0.26534494367    0.00008148821    1.0002818161348366    -0.0000357148193530    -0.0000732446536911
  11    0.19572934799    0.26680983674    0.00008148821    1.0002818259731419    -0.0000357148193530    -0.0000732446536911
   1    0.19219971100    0.26784393127    0.00018390003    1.0002815608875992    0.0001764818498851    -0.0000517047264381
   2    0.18867007400    0.26887802580    0.00018390003    1.0002816118268638    0.0001764818498851    -0.0000517047264381
   1    0.18914147575    0.26977113725    0.00005049425    1.0002815514272767    -0.0000235700875928    -0.0000446555725153
   2    0.18961287750    0.27066424870    0.00005049425    1.0002814970925340    -0.0000235700875928    -0.0000446555725153
   3    0.19008427925    0.27155736015    0.00005049425    1.0002814488127179    -0.0000235700875928    -0.0000446555725153
   4    0.19055568100    0.27245047160    0.00005049425    1.0002814065710255    -0.0000235700875928    -0.0000446555725153
   5    0.19102708276    0.27334358305    0.00005049425    1.0002813703542011    -0.0000235700875928    -0.0000446555725153
   6    0.19149848451    0.27423669450    0.00005049425    1.0002813401538433    -0.0000235700875928    -0.0000446555725153
   7    0.19196988626    0.27512980595    0.00005049425    1.0002813159546662    -0.0000235700875928    -0.0000446555725153
   8    0.19244128801    0.27602291740    0.00005049425    1.0002812977488769    -0.0000235700875928    -0.0000446555725153
   9    0.19291268976    0.27691602885    0.00005049425    1.0002812855248877    -0.0000235700875928    -0.0000446555725153
  10    0.19338409152    0.27780914030    0.00005049425    1.0002812792658902    -0.0000235700875928    -0.0000446555725153
  11    0.19385549327    0.27870225175    0.00005049425    1.0002812789723929    -0.0000235700875928    -0.0000446555725153
  12    0.19432689502    0.27959536320    0.00005049425    1.0002812846271871    -0.0000235700875928    -0.0000446555725153
   1    0.19177385038    0.28026438077    0.00013196232    1.0002811817917776    0.0001276522321714    -0.0000334508782851
   2    0.18922080573    0.28093339833    0.00013196232    1.0002812371785761    0.0001276522321714    -0.0000334508782851
   1    0.18951789236    0.28152898553    0.00003327854    1.0002812082150196    -0.0000148543312761    -0.0000297793598403
   2    0.18981497898    0.28212457273    0.00003327854    1.0002811816043629    -0.0000148543312761    -0.0000297793598403
   3    0.19011206561    0.28272015992    0.00003327854    1.0002811573354040    -0.0000148543312761    -0.0000297793598403
   4    0.19040915223    0.28331574712    0.00003327854    1.0002811354086709    -0.0000148543312761    -0.0000297793598403
   5    0.19070623886    0.28391133432    0.00003327854    1.0002811158244942    -0.0000148543312761    -0.0000297793598403
   6    0.19100332549    0.28450692151    0.00003327854    1.0002810985728301    -0.0000148543312761    -0.0000297793598403
   7    0.19130041211    0.28510250871    0.00003327854    1.0002810836539584    -0.0000148543312761    -0.0000297793598403
   8    0.19159749874    0.28569809591    0.00003327854    1.0002810710679564    -0.0000148543312761    -0.0000297793598403
   9    0.19189458536    0.28629368310    0.00003327854    1.0002810608054873    -0.0000148543312761    -0.0000297793598403
  10    0.19219167199    0.28688927030    0.00003327854    1.0002810528668316    -0.0000148543312761    -0.0000297793598403
  11    0.19248875861    0.28748485750    0.00003327854    1.0002810472527708    -0.0000148543312761    -0.0000297793598403
  12    0.19278584524    0.28808044469    0.00003327854    1.0002810439540739    -0.0000148543312761    -0.0000297793598403
  13    0.19308293186    0.28867603189    0.00003327854    1.0002810429703133    -0.0000148543312761    -0.0000297793598403
  14    0.19338001849    0.28927161909    0.00003327854    1.0002810443040873    -0.0000148543312761    -0.0000297793598403
   1    0.19147970951    0.28971738099    0.00009759454    1.0002810077102580    0.0000950154492352    -0.0000222880949341
   2    0.18957940052    0.29016314289    0.00009759454    1.0002810561839002    0.0000950154492352    -0.0000222880949341
   1    0.18977848510    0.29056822855    0.00002256818    1.0002810411625096    -0.0000099542288634    -0.0000202542830796
   2    0.18997756968    0.29097331421    0.00002256818    1.0002810271671920    -0.0000099542288634    -0.0000202542830796
   3    0.19017665425    0.29137839987    0.00002256818    1.0002810141967260    -0.0000099542288634    -0.0000202542830796
   4    0.19037573883    0.29178348553    0.00002256818    1.0002810022537352    -0.0000099542288634    -0.0000202542830796
   5    0.19057482341    0.29218857119    0.00002256818    1.0002809913382062    -0.0000099542288634    -0.0000202542830796
   6    0.19077390798    0.29259365686    0.00002256818    1.0002809814452798    -0.0000099542288634    -0.0000202542830796
   7    0.19097299256    0.29299874252    0.00002256818    1.0002809725734334    -0.0000099542288634    -0.0000202542830796
   8    0.19117207714    0.29340382818    0.00002256818    1.0002809647263964    -0.0000099542288634    -0.0000202542830796
   9    0.19137116172    0.29380891384    0.00002256818    1.0002809579027461    -0.0000099542288634    -0.0000202542830796
  10    0.19157024629    0.29421399950    0.00002256818    1.0002809520945901    -0.0000099542288634    -0.0000202542830796
  11    0.19176933087    0.29461908516    0.00002256818    1.0002809473086904    -0.0000099542288634    -0.0000202542830796
  12    0.19196841545    0.29502417082    0.00002256818    1.0002809435441304    -0.0000099542288634    -0.0000202542830796
  13    0.19216750003    0.29542925649    0.00002256818    1.0002809407961530    -0.0000099542288634    -0.0000202542830796
  14    0.19236658460    0.29583434215    0.00002256818    1.0002809390683847    -0.0000099542288634    -0.0000202542830796
  15    0.19256566918    0.29623942781    0.00002256818    1.0002809383526297    -0.0000099542288634    -0.0000202542830796
  16    0.19276475376    0.29664451347    0.00002256818    1.0002809386584866    -0.0000099542288634    -0.0000202542830796
   1    0.19129308956    0.29694688763    0.00007512033    1.0002809289834318    0.0000735832097742    -0.0000151187080077
   2    0.18982142537    0.29724926179    0.00007512033    1.0002809692881147    0.0000735832097742    -0.0000151187080077
   1    0.18996341051    0.29752747180    0.00001561735    1.0002809608365948    -0.0000070992572887    -0.0000139105003738
   2    0.19010539566    0.29780568181    0.00001561735    1.0002809528949841    -0.0000070992572887    -0.0000139105003738
   3    0.19024738080    0.29808389181    0.00001561735    1.0002809454555461    -0.0000070992572887    -0.0000139105003738
   4    0.19038936595    0.29836210182    0.00001561735    1.0002809385296494    -0.0000070992572887    -0.0000139105003738
   5    0.19053135109    0.29864031183    0.00001561735    1.0002809321055155    -0.0000070992572887    -0.0000139105003738
   6    0.19067333624    0.29891852184    0.00001561735    1.0002809261872823    -0.0000070992572887    -0.0000139105003738
   7    0.19081532139    0.29919673184    0.00001561735    1.0002809207776806    -0.0000070992572887    -0.0000139105003738
   8    0.19095730653    0.29947494185    0.00001561735    1.0002809158732664    -0.0000070992572887    -0.0000139105003738
   9    0.19109929168    0.29975315186    0.00001561735    1.0002809114772744    -0.0000070992572887    -0.0000139105003738
  10    0.19124127682    0.30003136187    0.00001561735    1.0002809075823196    -0.0000070992572887    -0.0000139105003738
  11    0.19138326197    0.30030957187    0.00001561735    1.0002809041922402    -0.0000070992572887    -0.0000139105003738
  12    0.19152524712    0.30058778188    0.00001561735    1.0002809013094607    -0.0000070992572887    -0.0000139105003738
  13    0.19166723226    0.30086599189    0.00001561735    1.0002808989311467    -0.0000070992572887    -0.0000139105003738
  14    0.19180921741    0.30114420190    0.00001561735    1.0002808970562851    -0.0000070992572887    -0.0000139105003738
  15    0.19195120255    0.30142241190    0.00001561735    1.0002808956891169    -0.0000070992572887    -0.0000139105003738
  16    0.19209318770    0.30170062191    0.00001561735    1.0002808948252933    -0.0000070992572887    -0.0000139105003738
  17    0.19223517284    0.30197883192    0.00001561735    1.0002808944653643    -0.0000070992572887    -0.0000139105003738
  18    0.19237715799    0.30225704193    0.00001561735    1.0002808946079662    -0.0000070992572887    -0.0000139105003738
   1    0.19118299482    0.30246381524    0.00006059664    1.0002808957818974    0.0000597081586884    -0.0000103386656591
   1    0.19063606132    0.30266218818    0.00002908986    1.0002809067343859    0.0000273466747114    -0.0000099186472435
   1    0.19038914900    0.30285558532    0.00001568185    1.0002809134861290    0.0000123456160450    -0.0000096698568441
   1    0.19027932583    0.30304524549    0.00001095811    1.0002809165282134    0.0000054911586345    -0.0000094830086383
   1    0.19023169642    0.30323168522    0.00000962137    1.0002809175418881    0.0000023814702943    -0.0000093219861719
   1    0.19021217256    0.30341515177    0.00000922512    1.0002809175844423    0.0000009761932729    -0.0000091733276153
   1    0.19020532025    0.30359578160    0.00000903799    1.0002809171894738    0.0000003426152806    -0.0000090314915413
   2    0.19019846795    0.30377641143    0.00000903799    1.0002809168133417    0.0000003426152806    -0.0000090314915413
   3    0.19019161564    0.30395704126    0.00000903799    1.0002809164664612    0.0000003426152806    -0.0000090314915413
   4    0.19018476333    0.30413767109    0.00000903799    1.0002809161380142    0.0000003426152806    -0.0000090314915413
   5    0.19017791103    0.30431830092    0.00000903799    1.0002809158319435    0.0000003426152806    -0.0000090314915413
   6    0.19017105872    0.30449893075    0.00000903799    1.0002809155479460    0.0000003426152806    -0.0000090314915413
   7    0.19016420642    0.30467956059    0.00000903799    1.0002809152857695    0.0000003426152806    -0.0000090314915413
   8    0.19015735411    0.30486019042    0.00000903799    1.0002809150451624    0.0000003426152806    -0.0000090314915413
   9    0.19015050181    0.30504082025    0.00000903799    1.0002809148267802    0.0000003426152806    -0.0000090314915413
  10    0.19014364950    0.30522145008    0.00000903799    1.0002809146335567    0.0000003426152806    -0.0000090314915413
  11    0.19013679720    0.30540207991    0.00000903799    1.0002809144585652    0.0000003426152806    -0.0000090314915413
  12    0.19012994489    0.30558270974    0.00000903799    1.0002809143049918    0.0000003426152806    -0.0000090314915413
  13    0.19012309258    0.30576333957    0.00000903799    1.0002809141727860    0.0000003426152806    -0.0000090314915413
  14    0.19011624028    0.30594396940    0.00000903799    1.0002809140622508    0.0000003426152806    -0.0000090314915413
  15    0.19010938797    0.30612459923    0.00000903799    1.0002809139762192    0.0000003426152806    -0.0000090314915413
  16    0.19010253567    0.30630522906    0.00000903799    1.0002809139118567    0.0000003426152806    -0.0000090314915413
  17    0.19009568336    0.30648585889    0.00000903799    1.0002809138612816    0.0000003426152806    -0.0000090314915413
  18    0.19008883106    0.30666648872    0.00000903799    1.0002809138390509    0.0000003426152806    -0.0000090314915413
  19    0.19008197875    0.30684711856    0.00000903799    1.0002809138345476    0.0000003426152806    -0.0000090314915413
  20    0.19007512644    0.30702774839    0.00000903799    1.0002809138548010    0.0000003426152806    -0.0000090314915413
   1    0.19018165243    0.30715513885    0.00000830303    1.0002809094870695    -0.0000053262991973    -0.0000063695230201
   2    0.19028817841    0.30728252931    0.00000830303    1.0002809053846455    -0.0000053262991973    -0.0000063695230201
   3    0.19039470440    0.30740991977    0.00000830303    1.0002809015434886    -0.0000053262991973    -0.0000063695230201
   4    0.19050123038    0.30753731023    0.00000830303    1.0002808979639488    -0.0000053262991973    -0.0000063695230201
   5    0.19060775636    0.30766470069    0.00000830303    1.0002808946456707    -0.0000053262991973    -0.0000063695230201
   6    0.19071428235    0.30779209115    0.00000830303    1.0002808915887540    -0.0000053262991973    -0.0000063695230201
   7    0.19082080833    0.30791948161    0.00000830303    1.0002808887972419    -0.0000053262991973    -0.0000063695230201
   8    0.19092733432    0.30804687207    0.00000830303    1.0002808862638515    -0.0000053262991973    -0.0000063695230201
   9    0.19103386030    0.30817426253    0.00000830303    1.0002808839963644    -0.0000053262991973    -0.0000063695230201
  10    0.19114038628    0.30830165299    0.00000830303    1.0002808819905877    -0.0000053262991973    -0.0000063695230201
  11    0.19124691227    0.30842904345    0.00000830303    1.0002808802431302    -0.0000053262991973    -0.0000063695230201
  12    0.19135343825    0.30855643391    0.00000830303    1.0002808787614725    -0.0000053262991973    -0.0000063695230201
  13    0.19145996424    0.30868382437    0.00000830303    1.0002808775420726    -0.0000053262991973    -0.0000063695230201
  14    0.19156649022    0.30881121483    0.00000830303    1.0002808765883189    -0.0000053262991973    -0.0000063695230201
  15    0.19167301620    0.30893860529    0.00000830303    1.0002808758896431    -0.0000053262991973    -0.0000063695230201
  16    0.19177954219    0.30906599575    0.00000830303    1.0002808754613064    -0.0000053262991973    -0.0000063695230201
  17    0.19188606817    0.30919338621    0.00000830303    1.0002808752950716    -0.0000053262991973    -0.0000063695230201
  18    0.19199259416    0.30932077667    0.00000830303    1.0002808753913415    -0.0000053262991973    -0.0000063695230201
   1    0.19108707004    0.30942172612    0.00004555669    1.0002808825575495    0.0000452762058512    -0.0000050474722779
   1    0.19066931678    0.30951839307    0.00002143958    1.0002808920665269    0.0000208876631014    -0.0000048333475977
   1    0.19047862277    0.30961264869    0.00001063583    1.0002808977100017    0.0000095347002760    -0.0000047127811964
   1    0.19039243238    0.30970517639    0.00000632261    1.0002809005384905    0.0000043095193369    -0.0000046263846265
   1    0.19035406677    0.30979626128    0.00000494176    1.0002809018646159    0.0000019182807631    -0.0000045542448457
----------------------------------------------------------------------------------------------------------------------------- 

Minimum VARANDAS value found in the whole set, ALPHA, and BETA: 1.0002808752950716 0.1918860681718306 0.30919338621272385 

Legend:
 -------
# Z-Axis:  VARANDAS
# X-Axis:  ALPHA
# Y-Axis:  BETA
# Z-Axis2: DIMER ENERGY (Ha)
# X-Axis2: MONOMER_A ENERGY (Ha)
# Y-Axis2: MONOMER_B ENERGY (Ha)
# Y-Axis3: DIMER COULOMB TERM (Ha)
# Y-Axis3: DIMER EXCHANGE TERM (Ha)
 ------------------------------- 
1.0002974191913661   0.20074653744   0.17215546230   -112.8788160759199997   -56.43645671059   -56.43645671059   94.6801780   -15.2833850
1.0002944198882269   0.18194959454   0.17733384349   -112.8746725312499990   -56.43441551179   -56.43441551179   94.6531520   -15.2785200
1.0003016410901133   0.16315265163   0.18251222467   -112.8662064265400033   -56.43011182116   -56.43011182116   94.6228170   -15.2743900
1.0002914453395133   0.18340813736   0.18818378985   -112.8754869012799986   -56.43485209950   -56.43485209950   94.6563110   -15.2788890
1.0002929529974212   0.20366362308   0.19385535503   -112.8798101401200000   -56.43699786975   -56.43699786975   94.6860090   -15.2841620
1.0002891557080416   0.19407174171   0.19841870187   -112.8785728794699992   -56.43641728800   -56.43641728800   94.6732020   -15.2816090
1.0002882936383424   0.18447986034   0.20298204871   -112.8762333183599935   -56.43525647584   -56.43525647584   94.6592550   -15.2792000
1.0002901159390345   0.17488797896   0.20754539554   -112.8727833620399963   -56.43351387755   -56.43351387755   94.6444570   -15.2769900
1.0002870384650009   0.18400651716   0.21107483644   -112.8762833570200002   -56.43529394387   -56.43529394387   94.6592430   -15.2791270
1.0002862101531069   0.19312505535   0.21460427734   -112.8787879837600059   -56.43655405283   -56.43655405283   94.6733090   -15.2814240
1.0002877466939479   0.20224359354   0.21813371823   -112.8803132270700047   -56.43730104426   -56.43730104426   94.6864640   -15.2838460
1.0002853457934238   0.19397120767   0.22136914431   -112.8791150181599932   -56.43672608834   -56.43672608834   94.6751650   -15.2816780
1.0002850101287846   0.18569882180   0.22460457039   -112.8771092097999968   -56.43572687240   -56.43572687240   94.6630600   -15.2796230
1.0002865502962492   0.17742643593   0.22783999647   -112.8742952107700006   -56.43430498203   -56.43430498203   94.6503200   -15.2777100
1.0002845304873083   0.18477320577   0.23022160731   -112.8769401688799974   -56.43564713695   -56.43564713695   94.6621200   -15.2794400
1.0002838996711270   0.19211997560   0.23260321814   -112.8789478858899997   -56.43665691569   -56.43665691569   94.6734670   -15.2812760
1.0002847295305137   0.19946674544   0.23498482897   -112.8803242744500039   -56.43733656130   -56.43733656130   94.6842540   -15.2831980
1.0002835066816431   0.19318915205   0.23731437710   -112.8792667643500067   -56.43682019401   -56.43682019401   94.6754620   -15.2815820
1.0002834083711492   0.18691155866   0.23964392522   -112.8777495787499987   -56.43606284905   -56.43606284905   94.6662200   -15.2800320
1.0002843476411629   0.18063396526   0.24197347335   -112.8757736377800001   -56.43506585025   -56.43506585025   94.6565980   -15.2785610
1.0002832158254342   0.18583711361   0.24373063783   -112.8775058481700029   -56.43594293259   -56.43594293259   94.6649000   -15.2798050
1.0002827600069835   0.19104026195   0.24548780231   -112.8789215249399973   -56.43665505334   -56.43665505334   94.6729720   -15.2811000
1.0002830063967840   0.19624341030   0.24724496680   -112.8800223675399934   -56.43720280160   -56.43720280160   94.6807760   -15.2824420
1.0002825323615967   0.19205774902   0.24897048986   -112.8792091979100007   -56.43680109452   -56.43680109452   94.6747810   -15.2813850
1.0002825356332199   0.18787208774   0.25069601293   -112.8781935231299940   -56.43629340702   -56.43629340702   94.6685900   -15.2803580
1.0002823956381963   0.18858638412   0.25216090600   -112.8784065476999956   -56.43640127216   -56.43640127216   94.6697980   -15.2805460
1.0002822709860637   0.18930068051   0.25362579908   -112.8786130371500036   -56.43650571777   -56.43650571777   94.6710010   -15.2807350
1.0002821615811957   0.19001497690   0.25509069215   -112.8788130034500057   -56.43660675071   -56.43660675071   94.6722000   -15.2809240
1.0002820673483772   0.19072927328   0.25655558522   -112.8790064587499984   -56.43670437789   -56.43670437789   94.6733930   -15.2811140
1.0002819882028189   0.19144356967   0.25802047830   -112.8791934154500041   -56.43679860632   -56.43679860632   94.6745820   -15.2813060
1.0002819240626684   0.19215786606   0.25948537137   -112.8793738861500060   -56.43688944308   -56.43688944308   94.6757660   -15.2814980
1.0002818748596629   0.19287216244   0.26095026445   -112.8795478836899946   -56.43697689531   -56.43697689531   94.6769440   -15.2816910
1.0002818405112237   0.19358645883   0.26241515752   -112.8797154211600002   -56.43706097029   -56.43706097029   94.6781180   -15.2818840
1.0002818209621043   0.19430075522   0.26388005059   -112.8798765118900036   -56.43714167534   -56.43714167534   94.6792860   -15.2820790
1.0002818161348366   0.19501505161   0.26534494367   -112.8800311694800058   -56.43721901794   -56.43721901794   94.6804490   -15.2822740
1.0002818259731419   0.19572934799   0.26680983674   -112.8801794078100045   -56.43729300564   -56.43729300564   94.6816060   -15.2824700
1.0002815608875992   0.19219971100   0.26784393127   -112.8794772628900063   -56.43694471375   -56.43694471375   94.6764440   -15.2815810
1.0002816118268638   0.18867007400   0.26887802580   -112.8786336001000024   -56.43652253298   -56.43652253298   94.6711420   -15.2807120
1.0002815514272767   0.18914147575   0.26977113725   -112.8787649644999931   -56.43658879115   -56.43658879115   94.6719270   -15.2808360
1.0002814970925340   0.18961287750   0.27066424870   -112.8788935347400013   -56.43665359214   -56.43665359214   94.6727100   -15.2809600
1.0002814488127179   0.19008427925   0.27155736015   -112.8790193145299980   -56.43671693795   -56.43671693795   94.6734910   -15.2810850
1.0002814065710255   0.19055568100   0.27245047160   -112.8791423076099960   -56.43677883058   -56.43677883058   94.6742700   -15.2812100
1.0002813703542011   0.19102708276   0.27334358305   -112.8792625177400026   -56.43683927204   -56.43683927204   94.6750470   -15.2813350
1.0002813401538433   0.19149848451   0.27423669450   -112.8793799487300049   -56.43689826434   -56.43689826434   94.6758220   -15.2814610
1.0002813159546662   0.19196988626   0.27512980595   -112.8794946044299934   -56.43695580954   -56.43695580954   94.6765950   -15.2815870
1.0002812977488769   0.19244128801   0.27602291740   -112.8796064887200004   -56.43701190967   -56.43701190967   94.6773650   -15.2817130
1.0002812855248375   0.19291268976   0.27691602885   -112.8797156055100004   -56.43706656681   -56.43706656681   94.6781330   -15.2818400
1.0002812792658902   0.19338409152   0.27780914030   -112.8798219587799991   -56.43711978305   -56.43711978305   94.6789000   -15.2819670
1.0002812789723929   0.19385549327   0.27870225175   -112.8799255525299969   -56.43717156048   -56.43717156048   94.6796630   -15.2820940
1.0002812846271361   0.19432689502   0.27959536320   -112.8800263907999977   -56.43722190122   -56.43722190122   94.6804250   -15.2822220
1.0002811817917776   0.19177385038   0.28026438077   -112.8794916032999964   -56.43695563896   -56.43695563896   94.6766230   -15.2815830
1.0002812371785761   0.18922080573   0.28093339833   -112.8788835160600001   -56.43665115994   -56.43665115994   94.6727480   -15.2809550
1.0002812082150196   0.18951789236   0.28152898553   -112.8789630671499964   -56.43669120822   -56.43669120822   94.6732420   -15.2810330
1.0002811816043131   0.18981497898   0.28212457273   -112.8790415043099955   -56.43673067626   -56.43673067626   94.6737350   -15.2811120
1.0002811573354040   0.19011206561   0.28272015992   -112.8791188285599958   -56.43676956462   -56.43676956462   94.6742270   -15.2811900
1.0002811354086212   0.19040915223   0.28331574712   -112.8791950409300000   -56.43680787384   -56.43680787383   94.6747190   -15.2812690
1.0002811158244942   0.19070623886   0.28391133432   -112.8792701424700056   -56.43684560447   -56.43684560447   94.6752100   -15.2813490
1.0002810985727804   0.19100332549   0.28450692151   -112.8793441342200055   -56.43688275706   -56.43688275706   94.6757000   -15.2814280
1.0002810836539584   0.19130041211   0.28510250871   -112.8794170172299971   -56.43691933218   -56.43691933218   94.6761890   -15.2815070
1.0002810710680075   0.19159749874   0.28569809591   -112.8794887925500063   -56.43695533038   -56.43695533038   94.6766770   -15.2815870
1.0002810608054873   0.19189458536   0.28629368310   -112.8795594612499968   -56.43699075222   -56.43699075222   94.6771640   -15.2816660
1.0002810528668316   0.19219167199   0.28688927030   -112.8796290244000033   -56.43702559826   -56.43702559826   94.6776510   -15.2817460
1.0002810472527708   0.19248875861   0.28748485750   -112.8796974830700037   -56.43705986907   -56.43705986907   94.6781360   -15.2818260
1.0002810439540739   0.19278584524   0.28808044469   -112.8797648383600034   -56.43709356522   -56.43709356522   94.6786210   -15.2819060
1.0002810429703133   0.19308293186   0.28867603189   -112.8798310913300043   -56.43712668728   -56.43712668728   94.6791050   -15.2819860
1.0002810443040873   0.19338001849   0.28927161909   -112.8798962431099966   -56.43715923581   -56.43715923581   94.6795880   -15.2820670
1.0002810077102580   0.19147970951   0.28971738099   -112.8794853416300015   -56.43695423220   -56.43695423220   94.6767200   -15.2815920
1.0002810561839002   0.18957940052   0.29016314289   -112.8790341091000045   -56.43672822074   -56.43672822074   94.6738110   -15.2811240
1.0002810411625096   0.18977848510   0.29056822855   -112.8790857366199987   -56.43675417380   -56.43675417380   94.6741410   -15.2811770
1.0002810271671920   0.18997756968   0.29097331421   -112.8791368653999996   -56.43677986732   -56.43677986732   94.6744700   -15.2812290
1.0002810141967260   0.19017665425   0.29137839987   -112.8791874957599930   -56.43680530145   -56.43680530145   94.6748000   -15.2812820
1.0002810022537352   0.19037573883   0.29178348553   -112.8792376280299976   -56.43683047638   -56.43683047638   94.6751290   -15.2813350
1.0002809913382062   0.19057482341   0.29218857119   -112.8792872625499939   -56.43685539228   -56.43685539228   94.6754570   -15.2813880
1.0002809814452798   0.19077390798   0.29259365686   -112.8793363996399961   -56.43688004932   -56.43688004932   94.6757850   -15.2814410
1.0002809725734334   0.19097299256   0.29299874252   -112.8793850396200042   -56.43690444768   -56.43690444768   94.6761130   -15.2814940
1.0002809647263964   0.19117207714   0.29340382818   -112.8794331828400033   -56.43692858752   -56.43692858752   94.6764400   -15.2815470
1.0002809579027461   0.19137116172   0.29380891384   -112.8794808296199932   -56.43695246903   -56.43695246903   94.6767670   -15.2816010
1.0002809520945901   0.19157024629   0.29421399950   -112.8795279802900069   -56.43697609237   -56.43697609237   94.6770940   -15.2816540
1.0002809473086904   0.19176933087   0.29461908516   -112.8795746352000009   -56.43699945772   -56.43699945772   94.6774200   -15.2817070
1.0002809435441304   0.19196841545   0.29502417082   -112.8796207946799939   -56.43702256526   -56.43702256526   94.6777460   -15.2817610
1.0002809407961530   0.19216750003   0.29542925649   -112.8796664590600045   -56.43704541517   -56.43704541517   94.6780710   -15.2818140
1.0002809390683847   0.19236658460   0.29583434215   -112.8797116286900035   -56.43706800761   -56.43706800761   94.6783960   -15.2818680
1.0002809383526297   0.19256566918   0.29623942781   -112.8797563039099998   -56.43709034277   -56.43709034277   94.6787210   -15.2819210
1.0002809386584866   0.19276475376   0.29664451347   -112.8798004850499979   -56.43711242082   -56.43711242082   94.6790450   -15.2819750
1.0002809289834318   0.19129308956   0.29694688763   -112.8794761658599981   -56.43695042309   -56.43695042309   94.6768020   -15.2816080
1.0002809692881147   0.18982142537   0.29724926179   -112.8791277701800055   -56.43677589226   -56.43677589226   94.6745340   -15.2812450
1.0002809608365948   0.18996341051   0.29752747180   -112.8791636539600063   -56.43679391108   -56.43679391108   94.6747680   -15.2812820
1.0002809528949330   0.19010539566   0.29780568181   -112.8791992869399934   -56.43681179948   -56.43681179948   94.6750020   -15.2813200
1.0002809454555461   0.19024738080   0.29808389181   -112.8792346692199970   -56.43682955751   -56.43682955751   94.6752360   -15.2813570
1.0002809385296494   0.19038936595   0.29836210182   -112.8792698009399942   -56.43684718524   -56.43684718524   94.6754690   -15.2813950
1.0002809321055155   0.19053135109   0.29864031183   -112.8793046821899964   -56.43686468272   -56.43686468272   94.6757030   -15.2814330
1.0002809261872823   0.19067333624   0.29891852184   -112.8793393131099947   -56.43688205002   -56.43688205002   94.6759360   -15.2814700
1.0002809207776806   0.19081532139   0.29919673184   -112.8793736938000052   -56.43689928719   -56.43689928719   94.6761690   -15.2815080
1.0002809158732664   0.19095730653   0.29947494185   -112.8794078243799959   -56.43691639429   -56.43691639429   94.6764020   -15.2815460
1.0002809114772744   0.19109929168   0.29975315186   -112.8794417049700058   -56.43693337139   -56.43693337139   94.6766340   -15.2815840
1.0002809075824204   0.19124127682   0.30003136187   -112.8794753356799987   -56.43695021854   -56.43695021854   94.6768670   -15.2816220
1.0002809041922402   0.19138326197   0.30030957187   -112.8795087166400037   -56.43696693581   -56.43696693581   94.6770990   -15.2816590
1.0002809013095109   0.19152524712   0.30058778188   -112.8795418479499943   -56.43698352326   -56.43698352326   94.6773310   -15.2816970
1.0002808989311467   0.19166723226   0.30086599189   -112.8795747297399998   -56.43699998094   -56.43699998094   94.6775630   -15.2817350
1.0002808970567894   0.19180921741   0.30114420190   -112.8796073621300025   -56.43701630892   -56.43701630892   94.6777950   -15.2817730
1.0002808956891169   0.19195120255   0.30142241190   -112.8796397452200040   -56.43703250726   -56.43703250726   94.6780260   -15.2818110
1.0002808948252933   0.19209318770   0.30170062191   -112.8796718791499956   -56.43704857602   -56.43704857602   94.6782570   -15.2818490
1.0002808944654149   0.19223517284   0.30197883192   -112.8797037640400021   -56.43706451526   -56.43706451526   94.6784880   -15.2818870
1.0002808946079662   0.19237715799   0.30225704193   -112.8797353999899968   -56.43708032505   -56.43708032505   94.6787190   -15.2819250
1.0002808957818974   0.19118299482   0.30246381524   -112.8794693377100060   -56.43694733622   -56.43694733622   94.6768850   -15.2816280
1.0002809067343859   0.19063606132   0.30266218818   -112.8793424970899935   -56.43688383199   -56.43688383199   94.6760450   -15.2814930
1.0002809134861290   0.19038914900   0.30285558532   -112.8792844463900025   -56.43685475078   -56.43685475078   94.6756680   -15.2814330
1.0002809165282134   0.19027932583   0.30304524549   -112.8792587017100004   -56.43684185307   -56.43684185307   94.6755050   -15.2814070
1.0002809175418881   0.19023169642   0.30323168522   -112.8792477843099960   -56.43683638628   -56.43683638628   94.6754390   -15.2813970
1.0002809175844423   0.19021217256   0.30341515177   -112.8792435950099957   -56.43683429191   -56.43683429191   94.6754160   -15.2813940
1.0002809171894738   0.19020532025   0.30359578160   -112.8792424382200039   -56.43683371754   -56.43683371754   94.6754130   -15.2813940
1.0002809168133417   0.19019846795   0.30377641143   -112.8792412748900063   -56.43683313968   -56.43683313968   94.6754100   -15.2813930
1.0002809164665110   0.19019161564   0.30395704126   -112.8792401050200027   -56.43683255832   -56.43683255832   94.6754060   -15.2813930
1.0002809161380142   0.19018476333   0.30413767109   -112.8792389286199978   -56.43683197349   -56.43683197349   94.6754030   -15.2813930
1.0002809158319435   0.19017791103   0.30431830092   -112.8792377457100002   -56.43683138517   -56.43683138517   94.6754000   -15.2813930
1.0002809155479460   0.19017105872   0.30449893075   -112.8792365562899960   -56.43683079339   -56.43683079339   94.6753970   -15.2813930
1.0002809152858205   0.19016420642   0.30467956059   -112.8792353603700036   -56.43683019813   -56.43683019813   94.6753930   -15.2813920
1.0002809150451624   0.19015735411   0.30486019042   -112.8792341579499947   -56.43682959942   -56.43682959942   94.6753900   -15.2813920
1.0002809148268312   0.19015050181   0.30504082025   -112.8792329490599968   -56.43682899724   -56.43682899724   94.6753870   -15.2813920
1.0002809146335567   0.19014364950   0.30522145008   -112.8792317336900055   -56.43682839162   -56.43682839162   94.6753830   -15.2813920
1.0002809144585145   0.19013679720   0.30540207991   -112.8792305118600012   -56.43682778254   -56.43682778254   94.6753800   -15.2813920
1.0002809143044871   0.19012994489   0.30558270974   -112.8792292835599937   -56.43682717003   -56.43682717003   94.6753760   -15.2813910
1.0002809141727860   0.19012309258   0.30576333957   -112.8792280488300008   -56.43682655407   -56.43682655407   94.6753730   -15.2813910
1.0002809140617468   0.19011624028   0.30594396940   -112.8792268076499994   -56.43682593469   -56.43682593469   94.6753700   -15.2813910
1.0002809139762192   0.19010938797   0.30612459923   -112.8792255600500027   -56.43682531188   -56.43682531188   94.6753660   -15.2813910
1.0002809139118567   0.19010253567   0.30630522906   -112.8792243060299967   -56.43682468565   -56.43682468565   94.6753620   -15.2813910
1.0002809138612816   0.19009568336   0.30648585889   -112.8792230455899954   -56.43682405600   -56.43682405600   94.6753590   -15.2813900
1.0002809138390008   0.19008883106   0.30666648872   -112.8792217787499936   -56.43682342294   -56.43682342294   94.6753550   -15.2813900
1.0002809138345476   0.19008197875   0.30684711856   -112.8792205055199958   -56.43682278648   -56.43682278648   94.6753520   -15.2813900
1.0002809138547508   0.19007512644   0.30702774839   -112.8792192259100062   -56.43682214661   -56.43682214661   94.6753480   -15.2813900
1.0002809094870695   0.19018165243   0.30715513885   -112.8792451606300062   -56.43683515221   -56.43683515221   94.6755200   -15.2814170
1.0002809053846962   0.19028817841   0.30728252931   -112.8792709627399944   -56.43684808892   -56.43684808892   94.6756920   -15.2814450
1.0002809015434886   0.19039470440   0.30740991977   -112.8792966322599938   -56.43686095673   -56.43686095673   94.6758630   -15.2814720
1.0002808979634448   0.19050123038   0.30753731023   -112.8793221692099991   -56.43687375567   -56.43687375567   94.6760350   -15.2815000
1.0002808946456707   0.19060775636   0.30766470069   -112.8793475736400040   -56.43688648575   -56.43688648575   94.6762060   -15.2815270
1.0002808915887540   0.19071428235   0.30779209115   -112.8793728455499945   -56.43689914698   -56.43689914698   94.6763780   -15.2815550
1.0002808887972419   0.19082080833   0.30791948161   -112.8793979849800024   -56.43691173937   -56.43691173937   94.6765490   -15.2815830
1.0002808862644057   0.19092733432   0.30804687207   -112.8794229919700030   -56.43692426294   -56.43692426294   94.6767200   -15.2816100
1.0002808839963644   0.19103386030   0.30817426253   -112.8794478665199961   -56.43693671769   -56.43693671769   94.6768910   -15.2816380
1.0002808819905877   0.19114038628   0.30830165299   -112.8794726086800040   -56.43694910366   -56.43694910365   94.6770620   -15.2816660
1.0002808802431302   0.19124691227   0.30842904345   -112.8794972184699930   -56.43696142083   -56.43696142083   94.6772330   -15.2816930
1.0002808787615232   0.19135343825   0.30855643391   -112.8795216959200047   -56.43697366924   -56.43697366924   94.6774040   -15.2817210
1.0002808775420726   0.19145996424   0.30868382437   -112.8795460410599958   -56.43698584889   -56.43698584889   94.6775750   -15.2817490
1.0002808765883189   0.19156649022   0.30881121483   -112.8795702539100034   -56.43699795979   -56.43699795979   94.6777450   -15.2817770
1.0002808758896431   0.19167301620   0.30893860529   -112.8795943344999984   -56.43701000196   -56.43701000196   94.6779160   -15.2818040
1.0002808754613064   0.19177954219   0.30906599575   -112.8796182828800028   -56.43702197542   -56.43702197542   94.6780860   -15.2818320
1.0002808752950716   0.19188606817   0.30919338621   -112.8796420990500025   -56.43703388017   -56.43703388017   94.6782560   -15.2818600
1.0002808753913415   0.19199259416   0.30932077667   -112.8796657830500010   -56.43704571623   -56.43704571623   94.6784260   -15.2818880
1.0002808825575495   0.19108707004   0.30942172612   -112.8794621231200068   -56.43694385648   -56.43694385648   94.6770230   -15.2816620
1.0002808920664763   0.19066931678   0.30951839307   -112.8793651886099951   -56.43689531401   -56.43689531401   94.6763740   -15.2815580
1.0002808977100528   0.19047862277   0.30961264869   -112.8793203773499982   -56.43687286109   -56.43687286110   94.6760790   -15.2815110
1.0002809005384905   0.19039243238   0.30970517639   -112.8793000683100018   -56.43686268241   -56.43686268241   94.6759480   -15.2814910
1.0002809018646159   0.19035406677   0.30979626128   -112.8792910773200049   -56.43685817544   -56.43685817544   94.6758910   -15.2814820
-------------------------------------------------------------------------------------------------------------------------------------------- 

Legend:
 -------
# Z-Axis:  MP2 DIMER (Ha)
# Y-Axis:  MP2 MONOMER A (Ha) 
# Y-Axis:  MP2 MONOMER B (Ha) 
# Z-Axis2: DIMER ENERGY (Ha)
# X-Axis2: MONOMER_A ENERGY (Ha)
# Y-Axis2: MONOMER_B ENERGY (Ha)
# Y-Axis3: DIMER COULOMB TERM (Ha)
# Y-Axis3: DIMER EXCHANGE TERM (Ha)
 ------------------------------- 
-0.1504661241000000   -0.07465734148   -0.07465734148   -112.8788160759199997   -56.43645671059   -56.43645671059   94.6801780   -15.2833850
-0.1509777076000000   -0.07492025710   -0.07492025710   -112.8746725312499990   -56.43441551179   -56.43441551179   94.6531520   -15.2785200
-0.1515865412000000   -0.07523463096   -0.07523463096   -112.8662064265400033   -56.43011182116   -56.43011182116   94.6228170   -15.2743900
-0.1512486242000000   -0.07506373852   -0.07506373852   -112.8754869012799986   -56.43485209950   -56.43485209950   94.6563110   -15.2788890
-0.1510345833000000   -0.07495736664   -0.07495736664   -112.8798101401200000   -56.43699786975   -56.43699786975   94.6860090   -15.2841620
-0.1513119240000000   -0.07510046732   -0.07510046732   -112.8785728794699992   -56.43641728800   -56.43641728800   94.6732020   -15.2816090
-0.1516115814000000   -0.07525514798   -0.07525514798   -112.8762333183599935   -56.43525647584   -56.43525647584   94.6592550   -15.2792000
-0.1519288580000000   -0.07541893109   -0.07541893109   -112.8727833620399963   -56.43351387755   -56.43351387755   94.6444570   -15.2769900
-0.1518169557000000   -0.07536287112   -0.07536287112   -112.8762833570200002   -56.43529394387   -56.43529394387   94.6592430   -15.2791270
-0.1517291304000000   -0.07531927610   -0.07531927610   -112.8787879837600059   -56.43655405283   -56.43655405283   94.6733090   -15.2814240
-0.1516668954000000   -0.07528887537   -0.07528887537   -112.8803132270700047   -56.43730104426   -56.43730104426   94.6864640   -15.2838460
-0.1518690018000000   -0.07539279583   -0.07539279583   -112.8791150181599932   -56.43672608834   -56.43672608834   94.6751650   -15.2816780
-0.1520855592000000   -0.07550411018   -0.07550411018   -112.8771092097999968   -56.43572687240   -56.43572687240   94.6630600   -15.2796230
-0.1523140205000000   -0.07562149349   -0.07562149349   -112.8742952107700006   -56.43430498203   -56.43430498203   94.6503200   -15.2777100
-0.1522176525000000   -0.07557299449   -0.07557299449   -112.8769401688799974   -56.43564713695   -56.43564713695   94.6621200   -15.2794400
-0.1521363719000000   -0.07553230043   -0.07553230043   -112.8789478858899997   -56.43665691569   -56.43665691569   94.6734670   -15.2812760
-0.1520710211000000   -0.07549982512   -0.07549982512   -112.8803242744500039   -56.43733656130   -56.43733656130   94.6842540   -15.2831980
-0.1522107244000000   -0.07557144069   -0.07557144069   -112.8792667643500067   -56.43682019401   -56.43682019401   94.6754620   -15.2815820
-0.1523577676000000   -0.07564678401   -0.07564678401   -112.8777495787499987   -56.43606284905   -56.43606284905   94.6662200   -15.2800320
-0.1525111682000000   -0.07572534844   -0.07572534844   -112.8757736377800001   -56.43506585025   -56.43506585025   94.6565980   -15.2785610
-0.1524479172000000   -0.07569362177   -0.07569362177   -112.8775058481700029   -56.43594293259   -56.43594293259   94.6649000   -15.2798050
-0.1523920902000000   -0.07566573279   -0.07566573279   -112.8789215249399973   -56.43665505334   -56.43665505334   94.6729720   -15.2811000
-0.1523439780000000   -0.07564182538   -0.07564182538   -112.8800223675399934   -56.43720280160   -56.43720280160   94.6807760   -15.2824420
-0.1524345642000000   -0.07568817773   -0.07568817773   -112.8792091979100007   -56.43680109452   -56.43680109452   94.6747810   -15.2813850
-0.1525278402000000   -0.07573588534   -0.07573588534   -112.8781935231299940   -56.43629340702   -56.43629340702   94.6685900   -15.2803580
-0.1525391478000000   -0.07574197289   -0.07574197289   -112.8784065476999956   -56.43640127216   -56.43640127216   94.6697980   -15.2805460
-0.1525502690000000   -0.07574796398   -0.07574796398   -112.8786130371500036   -56.43650571777   -56.43650571777   94.6710010   -15.2807350
-0.1525612026000000   -0.07575385818   -0.07575385818   -112.8788130034500057   -56.43660675071   -56.43660675071   94.6722000   -15.2809240
-0.1525719476000000   -0.07575965512   -0.07575965512   -112.8790064587499984   -56.43670437789   -56.43670437789   94.6733930   -15.2811140
-0.1525825029000000   -0.07576535444   -0.07576535444   -112.8791934154500041   -56.43679860632   -56.43679860632   94.6745820   -15.2813060
-0.1525928676000000   -0.07577095583   -0.07577095583   -112.8793738861500060   -56.43688944308   -56.43688944308   94.6757660   -15.2814980
-0.1526030408000000   -0.07577645904   -0.07577645904   -112.8795478836899946   -56.43697689531   -56.43697689531   94.6769440   -15.2816910
-0.1526130219000000   -0.07578186383   -0.07578186383   -112.8797154211600002   -56.43706097029   -56.43706097029   94.6781180   -15.2818840
-0.1526228100000000   -0.07578717002   -0.07578717002   -112.8798765118900036   -56.43714167534   -56.43714167534   94.6792860   -15.2820790
-0.1526324046000000   -0.07579237746   -0.07579237746   -112.8800311694800058   -56.43721901794   -56.43721901794   94.6804490   -15.2822740
-0.1526418053000000   -0.07579748606   -0.07579748606   -112.8801794078100045   -56.43729300564   -56.43729300564   94.6816060   -15.2824700
-0.1527013627000000   -0.07582774033   -0.07582774033   -112.8794772628900063   -56.43694471375   -56.43694471375   94.6764440   -15.2815810
-0.1527631369000000   -0.07585912036   -0.07585912036   -112.8786336001000024   -56.43652253298   -56.43652253298   94.6711420   -15.2807120
-0.1527666382000000   -0.07586108600   -0.07586108600   -112.8787649644999931   -56.43658879115   -56.43658879115   94.6719270   -15.2808360
-0.1527700800000000   -0.07586302165   -0.07586302165   -112.8788935347400013   -56.43665359214   -56.43665359214   94.6727100   -15.2809600
-0.1527734624000000   -0.07586492736   -0.07586492736   -112.8790193145299980   -56.43671693795   -56.43671693795   94.6734910   -15.2810850
-0.1527767854000000   -0.07586680319   -0.07586680319   -112.8791423076099960   -56.43677883058   -56.43677883058   94.6742700   -15.2812100
-0.1527800491000000   -0.07586864919   -0.07586864919   -112.8792625177400026   -56.43683927204   -56.43683927204   94.6750470   -15.2813350
-0.1527832537000000   -0.07587046544   -0.07587046544   -112.8793799487300049   -56.43689826434   -56.43689826434   94.6758220   -15.2814610
-0.1527863991000000   -0.07587225201   -0.07587225201   -112.8794946044299934   -56.43695580954   -56.43695580954   94.6765950   -15.2815870
-0.1527894856000000   -0.07587400897   -0.07587400897   -112.8796064887200004   -56.43701190967   -56.43701190967   94.6773650   -15.2817130
-0.1527925132000000   -0.07587573642   -0.07587573642   -112.8797156055100004   -56.43706656681   -56.43706656681   94.6781330   -15.2818400
-0.1527954821000000   -0.07587743443   -0.07587743443   -112.8798219587799991   -56.43711978305   -56.43711978305   94.6789000   -15.2819670
-0.1527983924000000   -0.07587910312   -0.07587910312   -112.8799255525299969   -56.43717156048   -56.43717156048   94.6796630   -15.2820940
-0.1528012444000000   -0.07588074257   -0.07588074257   -112.8800263907999977   -56.43722190122   -56.43722190122   94.6804250   -15.2822220
-0.1528393459000000   -0.07590000909   -0.07590000909   -112.8794916032999964   -56.43695563896   -56.43695563896   94.6766230   -15.2815830
-0.1528786365000000   -0.07591988116   -0.07591988116   -112.8788835160600001   -56.43665115994   -56.43665115994   94.6727480   -15.2809550
-0.1528799587000000   -0.07592067099   -0.07592067099   -112.8789630671499964   -56.43669120822   -56.43669120822   94.6732420   -15.2810330
-0.1528812510000000   -0.07592144584   -0.07592144584   -112.8790415043099955   -56.43673067626   -56.43673067626   94.6737350   -15.2811120
-0.1528825136000000   -0.07592220577   -0.07592220577   -112.8791188285599958   -56.43676956462   -56.43676956462   94.6742270   -15.2811900
-0.1528837465000000   -0.07592295082   -0.07592295082   -112.8791950409300000   -56.43680787384   -56.43680787383   94.6747190   -15.2812690
-0.1528849498000000   -0.07592368103   -0.07592368103   -112.8792701424700056   -56.43684560447   -56.43684560447   94.6752100   -15.2813490
-0.1528861236000000   -0.07592439645   -0.07592439645   -112.8793441342200055   -56.43688275706   -56.43688275706   94.6757000   -15.2814280
-0.1528872680000000   -0.07592509713   -0.07592509713   -112.8794170172299971   -56.43691933218   -56.43691933218   94.6761890   -15.2815070
-0.1528883830000000   -0.07592578312   -0.07592578312   -112.8794887925500063   -56.43695533038   -56.43695533038   94.6766770   -15.2815870
-0.1528894688000000   -0.07592645447   -0.07592645447   -112.8795594612499968   -56.43699075222   -56.43699075222   94.6771640   -15.2816660
-0.1528905254000000   -0.07592711122   -0.07592711122   -112.8796290244000033   -56.43702559826   -56.43702559826   94.6776510   -15.2817460
-0.1528915531000000   -0.07592775344   -0.07592775344   -112.8796974830700037   -56.43705986907   -56.43705986907   94.6781360   -15.2818260
-0.1528925517000000   -0.07592838118   -0.07592838118   -112.8797648383600034   -56.43709356522   -56.43709356522   94.6786210   -15.2819060
-0.1528935215000000   -0.07592899448   -0.07592899448   -112.8798310913300043   -56.43712668728   -56.43712668728   94.6791050   -15.2819860
-0.1528944626000000   -0.07592959342   -0.07592959342   -112.8798962431099966   -56.43715923581   -56.43715923581   94.6795880   -15.2820670
-0.1529202177000000   -0.07594256602   -0.07594256602   -112.8794853416300015   -56.43695423220   -56.43695423220   94.6767200   -15.2815920
-0.1529466548000000   -0.07595588683   -0.07595588683   -112.8790341091000045   -56.43672822074   -56.43672822074   94.6738110   -15.2811240
-0.1529469501000000   -0.07595611527   -0.07595611527   -112.8790857366199987   -56.43675417380   -56.43675417380   94.6741410   -15.2811770
-0.1529472319000000   -0.07595633695   -0.07595633695   -112.8791368653999996   -56.43677986732   -56.43677986732   94.6744700   -15.2812290
-0.1529475002000000   -0.07595655189   -0.07595655189   -112.8791874957599930   -56.43680530145   -56.43680530145   94.6748000   -15.2812820
-0.1529477550000000   -0.07595676011   -0.07595676011   -112.8792376280299976   -56.43683047638   -56.43683047638   94.6751290   -15.2813350
-0.1529479965000000   -0.07595696163   -0.07595696163   -112.8792872625499939   -56.43685539228   -56.43685539228   94.6754570   -15.2813880
-0.1529482245000000   -0.07595715646   -0.07595715646   -112.8793363996399961   -56.43688004932   -56.43688004932   94.6757850   -15.2814410
-0.1529484392000000   -0.07595734464   -0.07595734464   -112.8793850396200042   -56.43690444768   -56.43690444768   94.6761130   -15.2814940
-0.1529486406000000   -0.07595752618   -0.07595752618   -112.8794331828400033   -56.43692858752   -56.43692858752   94.6764400   -15.2815470
-0.1529488288000000   -0.07595770111   -0.07595770111   -112.8794808296199932   -56.43695246903   -56.43695246903   94.6767670   -15.2816010
-0.1529490037000000   -0.07595786944   -0.07595786944   -112.8795279802900069   -56.43697609237   -56.43697609237   94.6770940   -15.2816540
-0.1529491655000000   -0.07595803120   -0.07595803120   -112.8795746352000009   -56.43699945772   -56.43699945772   94.6774200   -15.2817070
-0.1529493142000000   -0.07595818641   -0.07595818641   -112.8796207946799939   -56.43702256526   -56.43702256526   94.6777460   -15.2817610
-0.1529494497000000   -0.07595833510   -0.07595833510   -112.8796664590600045   -56.43704541517   -56.43704541517   94.6780710   -15.2818140
-0.1529495723000000   -0.07595847727   -0.07595847727   -112.8797116286900035   -56.43706800761   -56.43706800761   94.6783960   -15.2818680
-0.1529496818000000   -0.07595861297   -0.07595861297   -112.8797563039099998   -56.43709034277   -56.43709034277   94.6787210   -15.2819210
-0.1529497784000000   -0.07595874221   -0.07595874221   -112.8798004850499979   -56.43711242082   -56.43711242082   94.6790450   -15.2819750
-0.1529682607000000   -0.07596802006   -0.07596802006   -112.8794761658599981   -56.43695042309   -56.43695042309   94.6768020   -15.2816080
-0.1529871682000000   -0.07597751547   -0.07597751547   -112.8791277701800055   -56.43677589226   -56.43677589226   94.6745340   -15.2812450
-0.1529869805000000   -0.07597747398   -0.07597747398   -112.8791636539600063   -56.43679391108   -56.43679391108   94.6747680   -15.2812820
-0.1529867873000000   -0.07597742978   -0.07597742978   -112.8791992869399934   -56.43681179948   -56.43681179948   94.6750020   -15.2813200
-0.1529865887000000   -0.07597738289   -0.07597738289   -112.8792346692199970   -56.43682955751   -56.43682955751   94.6752360   -15.2813570
-0.1529863847000000   -0.07597733332   -0.07597733332   -112.8792698009399942   -56.43684718524   -56.43684718524   94.6754690   -15.2813950
-0.1529861752000000   -0.07597728107   -0.07597728107   -112.8793046821899964   -56.43686468272   -56.43686468272   94.6757030   -15.2814330
-0.1529859604000000   -0.07597722615   -0.07597722615   -112.8793393131099947   -56.43688205002   -56.43688205002   94.6759360   -15.2814700
-0.1529857402000000   -0.07597716857   -0.07597716857   -112.8793736938000052   -56.43689928719   -56.43689928719   94.6761690   -15.2815080
-0.1529855147000000   -0.07597710834   -0.07597710834   -112.8794078243799959   -56.43691639429   -56.43691639429   94.6764020   -15.2815460
-0.1529852838000000   -0.07597704546   -0.07597704546   -112.8794417049700058   -56.43693337139   -56.43693337139   94.6766340   -15.2815840
-0.1529850476000000   -0.07597697995   -0.07597697995   -112.8794753356799987   -56.43695021854   -56.43695021854   94.6768670   -15.2816220
-0.1529848061000000   -0.07597691180   -0.07597691180   -112.8795087166400037   -56.43696693581   -56.43696693581   94.6770990   -15.2816590
-0.1529845593000000   -0.07597684104   -0.07597684104   -112.8795418479499943   -56.43698352326   -56.43698352326   94.6773310   -15.2816970
-0.1529843072000000   -0.07597676767   -0.07597676767   -112.8795747297399998   -56.43699998094   -56.43699998094   94.6775630   -15.2817350
-0.1529840499000000   -0.07597669169   -0.07597669169   -112.8796073621300025   -56.43701630892   -56.43701630892   94.6777950   -15.2817730
-0.1529837873000000   -0.07597661312   -0.07597661312   -112.8796397452200040   -56.43703250726   -56.43703250726   94.6780260   -15.2818110
-0.1529835195000000   -0.07597653196   -0.07597653196   -112.8796718791499956   -56.43704857602   -56.43704857602   94.6782570   -15.2818490
-0.1529832466000000   -0.07597644823   -0.07597644823   -112.8797037640400021   -56.43706451526   -56.43706451526   94.6784880   -15.2818870
-0.1529829684000000   -0.07597636192   -0.07597636192   -112.8797353999899968   -56.43708032505   -56.43708032505   94.6787190   -15.2819250
-0.1529970939000000   -0.07598343168   -0.07598343168   -112.8794693377100060   -56.43694733622   -56.43694733622   94.6768850   -15.2816280
-0.1530041136000000   -0.07598696376   -0.07598696376   -112.8793424970899935   -56.43688383199   -56.43688383199   94.6760450   -15.2814930
-0.1530077455000000   -0.07598880769   -0.07598880769   -112.8792844463900025   -56.43685475078   -56.43685475078   94.6756680   -15.2814330
-0.1530098028000000   -0.07598986647   -0.07598986647   -112.8792587017100004   -56.43684185307   -56.43684185307   94.6755050   -15.2814070
-0.1530111329000000   -0.07599056222   -0.07599056222   -112.8792477843099960   -56.43683638628   -56.43683638628   94.6754390   -15.2813970
-0.1530121240000000   -0.07599108849   -0.07599108849   -112.8792435950099957   -56.43683429191   -56.43683429191   94.6754160   -15.2813940
-0.1530129527000000   -0.07599153323   -0.07599153323   -112.8792424382200039   -56.43683371754   -56.43683371754   94.6754130   -15.2813940
-0.1530137747000000   -0.07599197457   -0.07599197457   -112.8792412748900063   -56.43683313968   -56.43683313968   94.6754100   -15.2813930
-0.1530145901000000   -0.07599241251   -0.07599241251   -112.8792401050200027   -56.43683255832   -56.43683255832   94.6754060   -15.2813930
-0.1530153989000000   -0.07599284705   -0.07599284705   -112.8792389286199978   -56.43683197349   -56.43683197349   94.6754030   -15.2813930
-0.1530162010000000   -0.07599327820   -0.07599327820   -112.8792377457100002   -56.43683138517   -56.43683138517   94.6754000   -15.2813930
-0.1530169965000000   -0.07599370597   -0.07599370597   -112.8792365562899960   -56.43683079339   -56.43683079339   94.6753970   -15.2813930
-0.1530177855000000   -0.07599413035   -0.07599413035   -112.8792353603700036   -56.43683019813   -56.43683019813   94.6753930   -15.2813920
-0.1530185678000000   -0.07599455136   -0.07599455136   -112.8792341579499947   -56.43682959942   -56.43682959942   94.6753900   -15.2813920
-0.1530193436000000   -0.07599496900   -0.07599496900   -112.8792329490599968   -56.43682899724   -56.43682899724   94.6753870   -15.2813920
-0.1530201128000000   -0.07599538327   -0.07599538327   -112.8792317336900055   -56.43682839162   -56.43682839162   94.6753830   -15.2813920
-0.1530208754000000   -0.07599579418   -0.07599579418   -112.8792305118600012   -56.43682778254   -56.43682778254   94.6753800   -15.2813920
-0.1530216315000000   -0.07599620173   -0.07599620173   -112.8792292835599937   -56.43682717003   -56.43682717003   94.6753760   -15.2813910
-0.1530223811000000   -0.07599660593   -0.07599660593   -112.8792280488300008   -56.43682655407   -56.43682655407   94.6753730   -15.2813910
-0.1530231241000000   -0.07599700678   -0.07599700678   -112.8792268076499994   -56.43682593469   -56.43682593469   94.6753700   -15.2813910
-0.1530238606000000   -0.07599740429   -0.07599740429   -112.8792255600500027   -56.43682531188   -56.43682531188   94.6753660   -15.2813910
-0.1530245905000000   -0.07599779846   -0.07599779846   -112.8792243060299967   -56.43682468565   -56.43682468565   94.6753620   -15.2813910
-0.1530253140000000   -0.07599818930   -0.07599818930   -112.8792230455899954   -56.43682405600   -56.43682405600   94.6753590   -15.2813900
-0.1530260309000000   -0.07599857681   -0.07599857681   -112.8792217787499936   -56.43682342294   -56.43682342294   94.6753550   -15.2813900
-0.1530267414000000   -0.07599896099   -0.07599896099   -112.8792205055199958   -56.43682278648   -56.43682278648   94.6753520   -15.2813900
-0.1530274454000000   -0.07599934186   -0.07599934186   -112.8792192259100062   -56.43682214661   -56.43682214661   94.6753480   -15.2813900
-0.1530267018000000   -0.07599899349   -0.07599899349   -112.8792451606300062   -56.43683515221   -56.43683515221   94.6755200   -15.2814170
-0.1530259596000000   -0.07599864586   -0.07599864586   -112.8792709627399944   -56.43684808892   -56.43684808892   94.6756920   -15.2814450
-0.1530252187000000   -0.07599829897   -0.07599829897   -112.8792966322599938   -56.43686095673   -56.43686095673   94.6758630   -15.2814720
-0.1530244792000000   -0.07599795282   -0.07599795282   -112.8793221692099991   -56.43687375567   -56.43687375567   94.6760350   -15.2815000
-0.1530237412000000   -0.07599760742   -0.07599760742   -112.8793475736400040   -56.43688648575   -56.43688648575   94.6762060   -15.2815270
-0.1530230045000000   -0.07599726276   -0.07599726276   -112.8793728455499945   -56.43689914698   -56.43689914698   94.6763780   -15.2815550
-0.1530222692000000   -0.07599691885   -0.07599691885   -112.8793979849800024   -56.43691173937   -56.43691173937   94.6765490   -15.2815830
-0.1530215353000000   -0.07599657568   -0.07599657568   -112.8794229919700030   -56.43692426294   -56.43692426294   94.6767200   -15.2816100
-0.1530208028000000   -0.07599623326   -0.07599623326   -112.8794478665199961   -56.43693671769   -56.43693671769   94.6768910   -15.2816380
-0.1530200716000000   -0.07599589158   -0.07599589158   -112.8794726086800040   -56.43694910366   -56.43694910365   94.6770620   -15.2816660
-0.1530193419000000   -0.07599555066   -0.07599555066   -112.8794972184699930   -56.43696142083   -56.43696142083   94.6772330   -15.2816930
-0.1530186136000000   -0.07599521049   -0.07599521049   -112.8795216959200047   -56.43697366924   -56.43697366924   94.6774040   -15.2817210
-0.1530178867000000   -0.07599487107   -0.07599487107   -112.8795460410599958   -56.43698584889   -56.43698584889   94.6775750   -15.2817490
-0.1530171612000000   -0.07599453240   -0.07599453240   -112.8795702539100034   -56.43699795979   -56.43699795979   94.6777450   -15.2817770
-0.1530164371000000   -0.07599419448   -0.07599419448   -112.8795943344999984   -56.43701000196   -56.43701000196   94.6779160   -15.2818040
-0.1530157144000000   -0.07599385732   -0.07599385732   -112.8796182828800028   -56.43702197542   -56.43702197542   94.6780860   -15.2818320
-0.1530149932000000   -0.07599352092   -0.07599352092   -112.8796420990500025   -56.43703388017   -56.43703388017   94.6782560   -15.2818600
-0.1530142733000000   -0.07599318528   -0.07599318528   -112.8796657830500010   -56.43704571623   -56.43704571623   94.6784260   -15.2818880
-0.1530242024000000   -0.07599813255   -0.07599813255   -112.8794621231200068   -56.43694385648   -56.43694385648   94.6770230   -15.2816620
-0.1530289947000000   -0.07600052938   -0.07600052938   -112.8793651886099951   -56.43689531401   -56.43689531401   94.6763740   -15.2815580
-0.1530313436000000   -0.07600171206   -0.07600171206   -112.8793203773499982   -56.43687286109   -56.43687286110   94.6760790   -15.2815110
-0.1530325551000000   -0.07600232927   -0.07600232927   -112.8793000683100018   -56.43686268241   -56.43686268241   94.6759480   -15.2814910
-0.1530332413000000   -0.07600268522   -0.07600268522   -112.8792910773200049   -56.43685817544   -56.43685817544   94.6758910   -15.2814820
-------------------------------------------------------------------------------------------------------------------------------------------- 

+ date
Tue May 11 23:13:08 CEST 2021
